<?xml version="1.0" encoding="UTF-8"?>
<!-- Generated by org.testng.reporters.JUnitXMLReporter -->
<testsuite ignored="12" hostname="DESKTOP-AJNVIH5" failures="0" tests="13" name="Test(failed)" time="0.217" errors="0" timestamp="2024-01-10T22:46:28 IST">
  <testcase classname="Login.AdminLogin" name="@BeforeSuite Login" time="94.599">
    <failure type="org.openqa.selenium.NoSuchElementException" message="no such element: Unable to locate element: {&amp;quot;method&amp;quot;:&amp;quot;xpath&amp;quot;,&amp;quot;selector&amp;quot;:&amp;quot;//input[@placeholder=&amp;apos;User Name&amp;apos;]&amp;quot;}
  (Session info: chrome=120.0.6099.217)
For documentation on this error, please visit: https://www.selenium.dev/documentation/webdriver/troubleshooting/errors#no-such-element-exception
Build info: version: &amp;apos;4.15.0&amp;apos;, revision: &amp;apos;1d14b5521b&amp;apos;
System info: os.name: &amp;apos;Windows 10&amp;apos;, os.arch: &amp;apos;amd64&amp;apos;, os.version: &amp;apos;10.0&amp;apos;, java.version: &amp;apos;17.0.8.1&amp;apos;
Driver info: org.openqa.selenium.chrome.ChromeDriver
Command: [76d738af215ce35c65940c270285f2fe, findElement {using=xpath, value=//input[@placeholder=&amp;apos;User Name&amp;apos;]}]
Capabilities {acceptInsecureCerts: false, browserName: chrome, browserVersion: 120.0.6099.217, chrome: {chromedriverVersion: 120.0.6099.109 (3419140ab66..., userDataDir: C:\Users\User\AppData\Local...}, fedcm:accounts: true, goog:chromeOptions: {debuggerAddress: localhost:64320}, networkConnectionEnabled: false, pageLoadStrategy: normal, platformName: windows, proxy: Proxy(), se:cdp: ws://localhost:64320/devtoo..., se:cdpVersion: 120.0.6099.217, setWindowRect: true, strictFileInteractability: false, timeouts: {implicit: 0, pageLoad: 300000, script: 30000}, unhandledPromptBehavior: dismiss and notify, webauthn:extension:credBlob: true, webauthn:extension:largeBlob: true, webauthn:extension:minPinLength: true, webauthn:extension:prf: true, webauthn:virtualAuthenticators: true}
Session ID: 76d738af215ce35c65940c270285f2fe">
      <![CDATA[org.openqa.selenium.NoSuchElementException: no such element: Unable to locate element: {"method":"xpath","selector":"//input[@placeholder='User Name']"}
  (Session info: chrome=120.0.6099.217)
For documentation on this error, please visit: https://www.selenium.dev/documentation/webdriver/troubleshooting/errors#no-such-element-exception
Build info: version: '4.15.0', revision: '1d14b5521b'
System info: os.name: 'Windows 10', os.arch: 'amd64', os.version: '10.0', java.version: '17.0.8.1'
Driver info: org.openqa.selenium.chrome.ChromeDriver
Command: [76d738af215ce35c65940c270285f2fe, findElement {using=xpath, value=//input[@placeholder='User Name']}]
Capabilities {acceptInsecureCerts: false, browserName: chrome, browserVersion: 120.0.6099.217, chrome: {chromedriverVersion: 120.0.6099.109 (3419140ab66..., userDataDir: C:\Users\User\AppData\Local...}, fedcm:accounts: true, goog:chromeOptions: {debuggerAddress: localhost:64320}, networkConnectionEnabled: false, pageLoadStrategy: normal, platformName: windows, proxy: Proxy(), se:cdp: ws://localhost:64320/devtoo..., se:cdpVersion: 120.0.6099.217, setWindowRect: true, strictFileInteractability: false, timeouts: {implicit: 0, pageLoad: 300000, script: 30000}, unhandledPromptBehavior: dismiss and notify, webauthn:extension:credBlob: true, webauthn:extension:largeBlob: true, webauthn:extension:minPinLength: true, webauthn:extension:prf: true, webauthn:virtualAuthenticators: true}
Session ID: 76d738af215ce35c65940c270285f2fe
at org.openqa.selenium.remote.codec.w3c.W3CHttpResponseCodec.createException(W3CHttpResponseCodec.java:200)
at org.openqa.selenium.remote.codec.w3c.W3CHttpResponseCodec.decode(W3CHttpResponseCodec.java:133)
at org.openqa.selenium.remote.codec.w3c.W3CHttpResponseCodec.decode(W3CHttpResponseCodec.java:52)
at org.openqa.selenium.remote.HttpCommandExecutor.execute(HttpCommandExecutor.java:191)
at org.openqa.selenium.remote.service.DriverCommandExecutor.invokeExecute(DriverCommandExecutor.java:200)
at org.openqa.selenium.remote.service.DriverCommandExecutor.execute(DriverCommandExecutor.java:175)
at org.openqa.selenium.remote.RemoteWebDriver.execute(RemoteWebDriver.java:607)
at org.openqa.selenium.remote.ElementLocation$ElementFinder$2.findElement(ElementLocation.java:165)
at org.openqa.selenium.remote.ElementLocation.findElement(ElementLocation.java:59)
at org.openqa.selenium.remote.RemoteWebDriver.findElement(RemoteWebDriver.java:364)
at org.openqa.selenium.remote.RemoteWebDriver.findElement(RemoteWebDriver.java:358)
at Login.AdminLogin.Login(AdminLogin.java:42)
... Removed 24 stack frames]]>
    </failure>
  </testcase> <!-- @BeforeSuite Login -->
  <testcase classname="Configuration_CreationFlow.Uplode_DIDNumber" name="@BeforeMethod Setup" time="-1.704906988731E9">
    <skipped/>
  </testcase> <!-- @BeforeMethod Setup -->
  <testcase classname="Configuration_CreationFlow.Dispo_Creation" name="@BeforeMethod Setup" time="-1.704906988749E9">
    <skipped/>
  </testcase> <!-- @BeforeMethod Setup -->
  <testcase classname="Configuration_CreationFlow.Create_TimeZone" name="@BeforeMethod Setup" time="-1.70490698876E9">
    <skipped/>
  </testcase> <!-- @BeforeMethod Setup -->
  <testcase classname="Configuration_CreationFlow.Create_Tags" name="@BeforeMethod Setup" time="-1.704906988775E9">
    <skipped/>
  </testcase> <!-- @BeforeMethod Setup -->
  <testcase classname="Configuration_CreationFlow.Creat_PauseCode" name="@BeforeMethod Setup" time="-1.70490698879E9">
    <skipped/>
  </testcase> <!-- @BeforeMethod Setup -->
  <testcase classname="Configuration_CreationFlow.BlockList" name="@BeforeMethod Setup" time="-1.7049069888E9">
    <skipped/>
  </testcase> <!-- @BeforeMethod Setup -->
  <testcase classname="Configuration_CreationFlow.TicketStatus" name="@BeforeMethod Setup" time="-1.704906988811E9">
    <skipped/>
  </testcase> <!-- @BeforeMethod Setup -->
  <testcase classname="Configuration_CreationFlow.Create_SubDisposition" name="@BeforeMethod Setup" time="-1.704906988823E9">
    <skipped/>
  </testcase> <!-- @BeforeMethod Setup -->
  <testcase classname="Configuration_CreationFlow.Script_Creation" name="@BeforeMethod Setup" time="-1.704906988837E9">
    <skipped/>
  </testcase> <!-- @BeforeMethod Setup -->
  <testcase classname="Configuration_CreationFlow.Create_Announcement" name="@BeforeMethod Setup" time="-1.704906988845E9">
    <skipped/>
  </testcase> <!-- @BeforeMethod Setup -->
  <testcase classname="Configuration_CreationFlow.Uplode_AudioStore" name="@BeforeMethod Setup" time="-1.704906988853E9">
    <skipped/>
  </testcase> <!-- @BeforeMethod Setup -->
  <testcase classname="Configuration_CreationFlow.Manual_DID_Creation" name="@BeforeMethod Setup" time="-1.704906988865E9">
    <skipped/>
  </testcase> <!-- @BeforeMethod Setup -->
  <testcase classname="Configuration_CreationFlow.Queue_Creation" name="@BeforeMethod Setup" time="-1.704906988879E9">
    <skipped/>
  </testcase> <!-- @BeforeMethod Setup -->
  <testcase classname="Configuration_CreationFlow.Uplode_DIDNumber" name="Uplode_DID" time="0.0">
    <skipped/>
  </testcase> <!-- Uplode_DID -->
  <testcase classname="Configuration_CreationFlow.Dispo_Creation" name="Create_Disposition" time="0.0">
    <skipped/>
  </testcase> <!-- Create_Disposition -->
  <testcase classname="Configuration_CreationFlow.Create_TimeZone" name="TimeZone_Creation" time="0.0">
    <skipped/>
  </testcase> <!-- TimeZone_Creation -->
  <testcase classname="Configuration_CreationFlow.Create_Tags" name="Tags_Creation" time="0.0">
    <skipped/>
  </testcase> <!-- Tags_Creation -->
  <testcase classname="Configuration_CreationFlow.Creat_PauseCode" name="Create_PauseCode" time="0.0">
    <skipped/>
  </testcase> <!-- Create_PauseCode -->
  <testcase classname="Configuration_CreationFlow.BlockList" name="Uplode_BlockList" time="0.0">
    <skipped/>
  </testcase> <!-- Uplode_BlockList -->
  <testcase classname="Configuration_CreationFlow.TicketStatus" name="Create_TicketStatus" time="0.0">
    <skipped/>
  </testcase> <!-- Create_TicketStatus -->
  <testcase classname="Configuration_CreationFlow.Create_SubDisposition" name="Create_SubDisposition" time="0.0">
    <skipped/>
  </testcase> <!-- Create_SubDisposition -->
  <testcase classname="Configuration_CreationFlow.Script_Creation" name="Create_Script" time="0.0">
    <skipped/>
  </testcase> <!-- Create_Script -->
  <testcase classname="Configuration_CreationFlow.Create_Announcement" name="Create_Announcement" time="0.0">
    <skipped/>
  </testcase> <!-- Create_Announcement -->
  <testcase classname="Configuration_CreationFlow.Uplode_AudioStore" name="Uplode_Audio" time="0.0">
    <skipped/>
  </testcase> <!-- Uplode_Audio -->
  <testcase classname="Configuration_CreationFlow.Manual_DID_Creation" name="Manual_DID_Creation" time="0.0">
    <skipped/>
  </testcase> <!-- Manual_DID_Creation -->
  <testcase classname="Configuration_CreationFlow.Queue_Creation" name="Create_Queue" time="0.0">
    <skipped/>
  </testcase> <!-- Create_Queue -->
  <testcase classname="Login.AdminLogin" name="@BeforeSuite Login" time="0.0">
    <ignored/>
  </testcase> <!-- @BeforeSuite Login -->
  <testcase classname="Login.AdminLogin" name="@BeforeSuite Login" time="0.0">
    <ignored/>
  </testcase> <!-- @BeforeSuite Login -->
  <testcase classname="Login.AdminLogin" name="@BeforeSuite Login" time="0.0">
    <ignored/>
  </testcase> <!-- @BeforeSuite Login -->
  <testcase classname="Login.AdminLogin" name="@BeforeSuite Login" time="0.0">
    <ignored/>
  </testcase> <!-- @BeforeSuite Login -->
  <testcase classname="Login.AdminLogin" name="@BeforeSuite Login" time="0.0">
    <ignored/>
  </testcase> <!-- @BeforeSuite Login -->
  <testcase classname="Login.AdminLogin" name="@BeforeSuite Login" time="0.0">
    <ignored/>
  </testcase> <!-- @BeforeSuite Login -->
  <testcase classname="Login.AdminLogin" name="@BeforeSuite Login" time="0.0">
    <ignored/>
  </testcase> <!-- @BeforeSuite Login -->
  <testcase classname="Login.AdminLogin" name="@BeforeSuite Login" time="0.0">
    <ignored/>
  </testcase> <!-- @BeforeSuite Login -->
  <testcase classname="Login.AdminLogin" name="@BeforeSuite Login" time="0.0">
    <ignored/>
  </testcase> <!-- @BeforeSuite Login -->
  <testcase classname="Login.AdminLogin" name="@BeforeSuite Login" time="0.0">
    <ignored/>
  </testcase> <!-- @BeforeSuite Login -->
  <testcase classname="Login.AdminLogin" name="@BeforeSuite Login" time="0.0">
    <ignored/>
  </testcase> <!-- @BeforeSuite Login -->
  <testcase classname="Login.AdminLogin" name="@BeforeSuite Login" time="0.0">
    <ignored/>
  </testcase> <!-- @BeforeSuite Login -->
</testsuite> <!-- Test(failed) -->
