<?xml version="1.0" encoding="UTF-8"?>
<!-- Generated by org.testng.reporters.JUnitXMLReporter -->
<testsuite ignored="4" hostname="DESKTOP-AJNVIH5" failures="0" tests="1" name="User Updation " time="33.327" errors="0" timestamp="2024-01-16T00:15:47 IST">
  <testcase classname="User.Updat_User" name="@BeforeMethod Setup" time="4.977">
    <failure type="org.openqa.selenium.ElementClickInterceptedException" message="element click intercepted: Element &amp;lt;div class=&amp;quot;container sidenavContainer&amp;quot;&amp;gt;...&amp;lt;/div&amp;gt; is not clickable at point (1216, 287). Other element would receive the click: &amp;lt;div class=&amp;quot;v-list__tile__title&amp;quot;&amp;gt;...&amp;lt;/div&amp;gt;
  (Session info: chrome=120.0.6099.217)
Build info: version: &amp;apos;4.16.1&amp;apos;, revision: &amp;apos;9b4c83354e&amp;apos;
System info: os.name: &amp;apos;Windows 10&amp;apos;, os.arch: &amp;apos;amd64&amp;apos;, os.version: &amp;apos;10.0&amp;apos;, java.version: &amp;apos;17.0.8.1&amp;apos;
Driver info: org.openqa.selenium.chrome.ChromeDriver
Command: [caf819c958734feae471fed2d78be771, clickElement {id=C84A8F7B1698877024B29D939F5AC800_element_275}]
Capabilities {acceptInsecureCerts: false, browserName: chrome, browserVersion: 120.0.6099.217, chrome: {chromedriverVersion: 120.0.6099.109 (3419140ab66..., userDataDir: C:\Users\User\AppData\Local...}, fedcm:accounts: true, goog:chromeOptions: {debuggerAddress: localhost:52867}, networkConnectionEnabled: false, pageLoadStrategy: normal, platformName: windows, proxy: Proxy(), se:cdp: ws://localhost:52867/devtoo..., se:cdpVersion: 120.0.6099.217, setWindowRect: true, strictFileInteractability: false, timeouts: {implicit: 0, pageLoad: 300000, script: 30000}, unhandledPromptBehavior: dismiss and notify, webauthn:extension:credBlob: true, webauthn:extension:largeBlob: true, webauthn:extension:minPinLength: true, webauthn:extension:prf: true, webauthn:virtualAuthenticators: true}
Element: [[ChromeDriver: chrome on windows (caf819c958734feae471fed2d78be771)] -&amp;gt; xpath: (//div[@class=&amp;apos;container sidenavContainer&amp;apos;])[1]]
Session ID: caf819c958734feae471fed2d78be771">
      <![CDATA[org.openqa.selenium.ElementClickInterceptedException: element click intercepted: Element <div class="container sidenavContainer">...</div> is not clickable at point (1216, 287). Other element would receive the click: <div class="v-list__tile__title">...</div>
  (Session info: chrome=120.0.6099.217)
Build info: version: '4.16.1', revision: '9b4c83354e'
System info: os.name: 'Windows 10', os.arch: 'amd64', os.version: '10.0', java.version: '17.0.8.1'
Driver info: org.openqa.selenium.chrome.ChromeDriver
Command: [caf819c958734feae471fed2d78be771, clickElement {id=C84A8F7B1698877024B29D939F5AC800_element_275}]
Capabilities {acceptInsecureCerts: false, browserName: chrome, browserVersion: 120.0.6099.217, chrome: {chromedriverVersion: 120.0.6099.109 (3419140ab66..., userDataDir: C:\Users\User\AppData\Local...}, fedcm:accounts: true, goog:chromeOptions: {debuggerAddress: localhost:52867}, networkConnectionEnabled: false, pageLoadStrategy: normal, platformName: windows, proxy: Proxy(), se:cdp: ws://localhost:52867/devtoo..., se:cdpVersion: 120.0.6099.217, setWindowRect: true, strictFileInteractability: false, timeouts: {implicit: 0, pageLoad: 300000, script: 30000}, unhandledPromptBehavior: dismiss and notify, webauthn:extension:credBlob: true, webauthn:extension:largeBlob: true, webauthn:extension:minPinLength: true, webauthn:extension:prf: true, webauthn:virtualAuthenticators: true}
Element: [[ChromeDriver: chrome on windows (caf819c958734feae471fed2d78be771)] -> xpath: (//div[@class='container sidenavContainer'])[1]]
Session ID: caf819c958734feae471fed2d78be771
at org.openqa.selenium.remote.codec.w3c.W3CHttpResponseCodec.createException(W3CHttpResponseCodec.java:200)
at org.openqa.selenium.remote.codec.w3c.W3CHttpResponseCodec.decode(W3CHttpResponseCodec.java:133)
at org.openqa.selenium.remote.codec.w3c.W3CHttpResponseCodec.decode(W3CHttpResponseCodec.java:52)
at org.openqa.selenium.remote.HttpCommandExecutor.execute(HttpCommandExecutor.java:191)
at org.openqa.selenium.remote.service.DriverCommandExecutor.invokeExecute(DriverCommandExecutor.java:200)
at org.openqa.selenium.remote.service.DriverCommandExecutor.execute(DriverCommandExecutor.java:175)
at org.openqa.selenium.remote.RemoteWebDriver.execute(RemoteWebDriver.java:523)
at org.openqa.selenium.remote.RemoteWebElement.execute(RemoteWebElement.java:224)
at org.openqa.selenium.remote.RemoteWebElement.click(RemoteWebElement.java:77)
at User.Updat_User.Setup(Updat_User.java:55)
at java.base/java.util.ArrayList.forEach(ArrayList.java:1511)
... Removed 36 stack frames]]>
    </failure>
  </testcase> <!-- @BeforeMethod Setup -->
  <testcase classname="Login.AdminLogin" name="@AfterTest Quit" time="-1.705344347629E9">
    <skipped/>
  </testcase> <!-- @AfterTest Quit -->
  <testcase classname="User.Updat_User" name="Update_Status" time="0.0">
    <skipped/>
  </testcase> <!-- Update_Status -->
  <testcase classname="User.Updat_User" name="Update_UserMobileNo" time="0.0">
    <ignored/>
  </testcase> <!-- Update_UserMobileNo -->
  <testcase classname="User.Updat_User" name="Update_Role" time="0.0">
    <ignored/>
  </testcase> <!-- Update_Role -->
  <testcase classname="User.Updat_User" name="Update_UserGroup" time="0.0">
    <ignored/>
  </testcase> <!-- Update_UserGroup -->
  <testcase classname="User.Updat_User" name="Update_UserEmail" time="0.0">
    <ignored/>
  </testcase> <!-- Update_UserEmail -->
</testsuite> <!-- User Updation  -->
