<?xml version="1.0" encoding="UTF-8"?>
<!-- Generated by org.testng.reporters.JUnitXMLReporter -->
<testsuite ignored="0" hostname="DESKTOP-AJNVIH5" failures="1" tests="1" name="Script Creation" time="20.504" errors="0" timestamp="2024-02-01T16:16:23 IST">
  <testcase classname="Admin_Configuration_CreateFlow.Create_Script" name="Create_Script" time="4.275">
    <failure type="java.lang.AssertionError" message=" Script is Not Created...! expected [true] but found [false]">
      <![CDATA[java.lang.AssertionError:  Script is Not Created...! expected [true] but found [false]
at Admin_Configuration_CreateFlow.Create_Script.Create_Script(Create_Script.java:88)
at java.base/java.util.ArrayList.forEach(ArrayList.java:1511)
... Removed 30 stack frames]]>
    </failure>
  </testcase> <!-- Create_Script -->
</testsuite> <!-- Script Creation -->
