<?xml version="1.0" encoding="UTF-8"?>
<!-- Generated by org.testng.reporters.JUnitXMLReporter -->
<testsuite ignored="10" hostname="DESKTOP-AJNVIH5" failures="6" tests="24" name="Test" time="79.902" errors="0" timestamp="2024-01-11T16:23:58 IST">
  <testcase classname="Campaign.EditCampaign" name="@BeforeMethod Setup" time="0.001">
    <failure type="java.lang.NullPointerException" message="Cannot invoke &amp;quot;org.openqa.selenium.WebDriver.findElement(org.openqa.selenium.By)&amp;quot; because &amp;quot;this.driver&amp;quot; is null">
      <![CDATA[java.lang.NullPointerException: Cannot invoke "org.openqa.selenium.WebDriver.findElement(org.openqa.selenium.By)" because "this.driver" is null
at Campaign.EditCampaign.Setup(EditCampaign.java:41)
at java.base/java.util.ArrayList.forEach(ArrayList.java:1511)
... Removed 31 stack frames]]>
    </failure>
  </testcase> <!-- @BeforeMethod Setup -->
  <testcase classname="Campaign.EditCampaign" name="@BeforeMethod Setup" time="-1.704970438353E9">
    <skipped/>
  </testcase> <!-- @BeforeMethod Setup -->
  <testcase classname="Campaign.EditCampaign" name="@BeforeMethod Setup" time="-1.704970438363E9">
    <skipped/>
  </testcase> <!-- @BeforeMethod Setup -->
  <testcase classname="Campaign.EditCampaign" name="@BeforeMethod Setup" time="-1.704970438377E9">
    <skipped/>
  </testcase> <!-- @BeforeMethod Setup -->
  <testcase classname="Campaign.EditCampaign" name="@BeforeMethod Setup" time="-1.704970438393E9">
    <skipped/>
  </testcase> <!-- @BeforeMethod Setup -->
  <testcase classname="Campaign.EditCampaign" name="@BeforeMethod Setup" time="-1.704970438417E9">
    <skipped/>
  </testcase> <!-- @BeforeMethod Setup -->
  <testcase classname="Campaign.EditCampaign" name="@BeforeMethod Setup" time="-1.704970438429E9">
    <skipped/>
  </testcase> <!-- @BeforeMethod Setup -->
  <testcase classname="Campaign.EditCampaign" name="@BeforeMethod Setup" time="-1.704970438444E9">
    <skipped/>
  </testcase> <!-- @BeforeMethod Setup -->
  <testcase classname="Campaign.EditCampaign" name="@BeforeMethod Setup" time="-1.704970438453E9">
    <skipped/>
  </testcase> <!-- @BeforeMethod Setup -->
  <testcase classname="Campaign.EditCampaign" name="@BeforeMethod Setup" time="-1.70497043847E9">
    <skipped/>
  </testcase> <!-- @BeforeMethod Setup -->
  <testcase classname="Campaign.EditCampaign" name="@BeforeMethod Setup" time="-1.704970438482E9">
    <skipped/>
  </testcase> <!-- @BeforeMethod Setup -->
  <testcase classname="Campaign.EditCampaign" name="@BeforeMethod Setup" time="-1.70497043849E9">
    <skipped/>
  </testcase> <!-- @BeforeMethod Setup -->
  <testcase classname="Campaign.EditCampaign" name="@BeforeMethod Setup" time="-1.704970438497E9">
    <skipped/>
  </testcase> <!-- @BeforeMethod Setup -->
  <testcase classname="Campaign.EditCampaign" name="@BeforeMethod Setup" time="-1.704970438508E9">
    <skipped/>
  </testcase> <!-- @BeforeMethod Setup -->
  <testcase classname="Campaign.EditCampaign" name="@BeforeMethod Setup" time="-1.704970438518E9">
    <skipped/>
  </testcase> <!-- @BeforeMethod Setup -->
  <testcase classname="Campaign.EditCampaign" name="@BeforeMethod Setup" time="-1.704970438539E9">
    <skipped/>
  </testcase> <!-- @BeforeMethod Setup -->
  <testcase classname="Campaign.EditCampaign" name="@BeforeMethod Setup" time="-1.704970438549E9">
    <skipped/>
  </testcase> <!-- @BeforeMethod Setup -->
  <testcase classname="Campaign.EditCampaign" name="@BeforeMethod Setup" time="-1.704970438559E9">
    <skipped/>
  </testcase> <!-- @BeforeMethod Setup -->
  <testcase classname="Campaign.CreatingPowerCampaign" name="@AfterTest quit" time="0.0">
    <failure type="java.lang.NullPointerException" message="Cannot invoke &amp;quot;org.openqa.selenium.WebDriver.quit()&amp;quot; because &amp;quot;this.driver&amp;quot; is null">
      <![CDATA[java.lang.NullPointerException: Cannot invoke "org.openqa.selenium.WebDriver.quit()" because "this.driver" is null
at Campaign.CreatingPowerCampaign.quit(CreatingPowerCampaign.java:300)
... Removed 24 stack frames]]>
    </failure>
  </testcase> <!-- @AfterTest quit -->
  <testcase classname="Campaign.CreatingPreviewCampaign" name="@AfterTest quit" time="-1.70497043857E9">
    <skipped/>
  </testcase> <!-- @AfterTest quit -->
  <testcase classname="Campaign.CreatingVoiceBlastCampaign" name="@AfterTest quit" time="-1.704970438573E9">
    <skipped/>
  </testcase> <!-- @AfterTest quit -->
  <testcase classname="Campaign.CreatingWhatsappBlastCampaign" name="@AfterTest quit" time="-1.704970438574E9">
    <skipped/>
  </testcase> <!-- @AfterTest quit -->
  <testcase classname="Campaign.CreatingPredictiveCampaign" name="CreateCampaign" time="15.723">
    <failure type="org.openqa.selenium.NoSuchElementException" message="no such element: Unable to locate element: {&amp;quot;method&amp;quot;:&amp;quot;xpath&amp;quot;,&amp;quot;selector&amp;quot;:&amp;quot;//div[contains(text(),&amp;apos;TestingQA&amp;apos;)]&amp;quot;}
  (Session info: MicrosoftEdge=120.0.2210.121)
For documentation on this error, please visit: https://www.selenium.dev/documentation/webdriver/troubleshooting/errors#no-such-element-exception
Build info: version: &amp;apos;4.15.0&amp;apos;, revision: &amp;apos;1d14b5521b&amp;apos;
System info: os.name: &amp;apos;Windows 10&amp;apos;, os.arch: &amp;apos;amd64&amp;apos;, os.version: &amp;apos;10.0&amp;apos;, java.version: &amp;apos;17.0.8.1&amp;apos;
Driver info: org.openqa.selenium.edge.EdgeDriver
Command: [281f3af463052c7b6748ac905cb15527, findChildElement {id=C08545B590952CBC8521B791DD0F44DE_element_384, using=xpath, value=//div[contains(text(),&amp;apos;TestingQA&amp;apos;)]}]
Capabilities {acceptInsecureCerts: false, browserName: MicrosoftEdge, browserVersion: 120.0.2210.121, fedcm:accounts: true, ms:edgeOptions: {debuggerAddress: localhost:49214}, msedge: {msedgedriverVersion: 120.0.2210.121 (6086ec26a02..., userDataDir: C:\Users\User\AppData\Local...}, networkConnectionEnabled: false, pageLoadStrategy: normal, platformName: windows, proxy: Proxy(), se:cdp: ws://localhost:49214/devtoo..., se:cdpVersion: 120.0.2210.121, setWindowRect: true, strictFileInteractability: false, timeouts: {implicit: 0, pageLoad: 300000, script: 30000}, unhandledPromptBehavior: dismiss and notify, webauthn:extension:credBlob: true, webauthn:extension:largeBlob: true, webauthn:extension:minPinLength: true, webauthn:extension:prf: true, webauthn:virtualAuthenticators: true}
Session ID: 281f3af463052c7b6748ac905cb15527">
      <![CDATA[org.openqa.selenium.NoSuchElementException: no such element: Unable to locate element: {"method":"xpath","selector":"//div[contains(text(),'TestingQA')]"}
  (Session info: MicrosoftEdge=120.0.2210.121)
For documentation on this error, please visit: https://www.selenium.dev/documentation/webdriver/troubleshooting/errors#no-such-element-exception
Build info: version: '4.15.0', revision: '1d14b5521b'
System info: os.name: 'Windows 10', os.arch: 'amd64', os.version: '10.0', java.version: '17.0.8.1'
Driver info: org.openqa.selenium.edge.EdgeDriver
Command: [281f3af463052c7b6748ac905cb15527, findChildElement {id=C08545B590952CBC8521B791DD0F44DE_element_384, using=xpath, value=//div[contains(text(),'TestingQA')]}]
Capabilities {acceptInsecureCerts: false, browserName: MicrosoftEdge, browserVersion: 120.0.2210.121, fedcm:accounts: true, ms:edgeOptions: {debuggerAddress: localhost:49214}, msedge: {msedgedriverVersion: 120.0.2210.121 (6086ec26a02..., userDataDir: C:\Users\User\AppData\Local...}, networkConnectionEnabled: false, pageLoadStrategy: normal, platformName: windows, proxy: Proxy(), se:cdp: ws://localhost:49214/devtoo..., se:cdpVersion: 120.0.2210.121, setWindowRect: true, strictFileInteractability: false, timeouts: {implicit: 0, pageLoad: 300000, script: 30000}, unhandledPromptBehavior: dismiss and notify, webauthn:extension:credBlob: true, webauthn:extension:largeBlob: true, webauthn:extension:minPinLength: true, webauthn:extension:prf: true, webauthn:virtualAuthenticators: true}
Session ID: 281f3af463052c7b6748ac905cb15527
at org.openqa.selenium.remote.codec.w3c.W3CHttpResponseCodec.createException(W3CHttpResponseCodec.java:200)
at org.openqa.selenium.remote.codec.w3c.W3CHttpResponseCodec.decode(W3CHttpResponseCodec.java:133)
at org.openqa.selenium.remote.codec.w3c.W3CHttpResponseCodec.decode(W3CHttpResponseCodec.java:52)
at org.openqa.selenium.remote.HttpCommandExecutor.execute(HttpCommandExecutor.java:191)
at org.openqa.selenium.remote.service.DriverCommandExecutor.invokeExecute(DriverCommandExecutor.java:200)
at org.openqa.selenium.remote.service.DriverCommandExecutor.execute(DriverCommandExecutor.java:175)
at org.openqa.selenium.remote.RemoteWebDriver.execute(RemoteWebDriver.java:607)
at org.openqa.selenium.remote.ElementLocation$ElementFinder$2.findElement(ElementLocation.java:165)
at org.openqa.selenium.remote.ElementLocation.findElement(ElementLocation.java:59)
at org.openqa.selenium.remote.RemoteWebDriver.findElement(RemoteWebDriver.java:364)
at org.openqa.selenium.remote.RemoteWebElement.findElement(RemoteWebElement.java:212)
at Campaign.CreatingPredictiveCampaign.CreateCampaign(CreatingPredictiveCampaign.java:148)
at java.base/java.util.ArrayList.forEach(ArrayList.java:1511)
... Removed 32 stack frames]]>
    </failure>
  </testcase> <!-- CreateCampaign -->
  <testcase classname="Campaign.CreatingPowerCampaign" name="CreateCampaign" time="0.066">
    <failure type="java.lang.NullPointerException" message="Cannot invoke &amp;quot;org.openqa.selenium.WebDriver.findElement(org.openqa.selenium.By)&amp;quot; because &amp;quot;this.driver&amp;quot; is null">
      <![CDATA[java.lang.NullPointerException: Cannot invoke "org.openqa.selenium.WebDriver.findElement(org.openqa.selenium.By)" because "this.driver" is null
at Campaign.CreatingPowerCampaign.CreateCampaign(CreatingPowerCampaign.java:56)
at java.base/java.util.ArrayList.forEach(ArrayList.java:1511)
... Removed 27 stack frames]]>
    </failure>
  </testcase> <!-- CreateCampaign -->
  <testcase classname="Campaign.CreatingVoiceBlastCampaign" name="CreateCampaign" time="0.002">
    <failure type="java.lang.NullPointerException" message="Cannot invoke &amp;quot;org.openqa.selenium.WebDriver.findElement(org.openqa.selenium.By)&amp;quot; because &amp;quot;this.driver&amp;quot; is null">
      <![CDATA[java.lang.NullPointerException: Cannot invoke "org.openqa.selenium.WebDriver.findElement(org.openqa.selenium.By)" because "this.driver" is null
at Campaign.CreatingVoiceBlastCampaign.CreateCampaign(CreatingVoiceBlastCampaign.java:57)
at java.base/java.util.ArrayList.forEach(ArrayList.java:1511)
... Removed 27 stack frames]]>
    </failure>
  </testcase> <!-- CreateCampaign -->
  <testcase classname="Campaign.CreatingPreviewCampaign" name="CreateCampaign" time="0.007">
    <failure type="java.lang.NullPointerException" message="Cannot invoke &amp;quot;org.openqa.selenium.WebDriver.findElement(org.openqa.selenium.By)&amp;quot; because &amp;quot;this.driver&amp;quot; is null">
      <![CDATA[java.lang.NullPointerException: Cannot invoke "org.openqa.selenium.WebDriver.findElement(org.openqa.selenium.By)" because "this.driver" is null
at Campaign.CreatingPreviewCampaign.CreateCampaign(CreatingPreviewCampaign.java:54)
at java.base/java.util.ArrayList.forEach(ArrayList.java:1511)
... Removed 27 stack frames]]>
    </failure>
  </testcase> <!-- CreateCampaign -->
  <testcase classname="Campaign.CreatingInboundCampaign" name="CreateCampaign" time="0.007">
    <failure type="java.lang.NullPointerException" message="Cannot invoke &amp;quot;org.openqa.selenium.WebDriver.navigate()&amp;quot; because &amp;quot;this.driver&amp;quot; is null">
      <![CDATA[java.lang.NullPointerException: Cannot invoke "org.openqa.selenium.WebDriver.navigate()" because "this.driver" is null
at Campaign.CreatingInboundCampaign.CreateCampaign(CreatingInboundCampaign.java:48)
at java.base/java.util.ArrayList.forEach(ArrayList.java:1511)
... Removed 27 stack frames]]>
    </failure>
  </testcase> <!-- CreateCampaign -->
  <testcase classname="Campaign.CreatingWhatsappBlastCampaign" name="CreateCampaign" time="0.003">
    <failure type="java.lang.NullPointerException" message="Cannot invoke &amp;quot;org.openqa.selenium.WebDriver.findElement(org.openqa.selenium.By)&amp;quot; because &amp;quot;this.driver&amp;quot; is null">
      <![CDATA[java.lang.NullPointerException: Cannot invoke "org.openqa.selenium.WebDriver.findElement(org.openqa.selenium.By)" because "this.driver" is null
at Campaign.CreatingWhatsappBlastCampaign.CreateCampaign(CreatingWhatsappBlastCampaign.java:61)
at java.base/java.util.ArrayList.forEach(ArrayList.java:1511)
... Removed 27 stack frames]]>
    </failure>
  </testcase> <!-- CreateCampaign -->
  <testcase classname="Campaign.EditCampaign" name="Status" time="0.0">
    <skipped/>
  </testcase> <!-- Status -->
  <testcase classname="Campaign.EditCampaign" name="CheckPauseCode" time="0.0">
    <skipped/>
  </testcase> <!-- CheckPauseCode -->
  <testcase classname="Campaign.EditCampaign" name="UncheckPauseCode" time="0.0">
    <skipped/>
  </testcase> <!-- UncheckPauseCode -->
  <testcase classname="Campaign.EditCampaign" name="DispoUncheck" time="0.0">
    <skipped/>
  </testcase> <!-- DispoUncheck -->
  <testcase classname="Campaign.EditCampaign" name="DispoCheck" time="0.0">
    <skipped/>
  </testcase> <!-- DispoCheck -->
  <testcase classname="Campaign.EditCampaign" name="Outbound" time="0.0">
    <skipped/>
  </testcase> <!-- Outbound -->
  <testcase classname="Campaign.EditCampaign" name="Dialocheck" time="0.0">
    <skipped/>
  </testcase> <!-- Dialocheck -->
  <testcase classname="Campaign.EditCampaign" name="DialoUncheck" time="0.0">
    <skipped/>
  </testcase> <!-- DialoUncheck -->
  <testcase classname="Campaign.EditCampaign" name="UncheckProcess" time="0.0">
    <skipped/>
  </testcase> <!-- UncheckProcess -->
  <testcase classname="Campaign.EditCampaign" name="CheckProcess" time="0.0">
    <skipped/>
  </testcase> <!-- CheckProcess -->
  <testcase classname="Campaign.EditCampaign" name="QueueUncheck" time="0.0">
    <skipped/>
  </testcase> <!-- QueueUncheck -->
  <testcase classname="Campaign.EditCampaign" name="QueueCheck" time="0.0">
    <skipped/>
  </testcase> <!-- QueueCheck -->
  <testcase classname="Campaign.EditCampaign" name="TemplateUpdate" time="0.0">
    <skipped/>
  </testcase> <!-- TemplateUpdate -->
  <testcase classname="Campaign.EditCampaign" name="ScriptUpdate" time="0.0">
    <skipped/>
  </testcase> <!-- ScriptUpdate -->
  <testcase classname="Campaign.EditCampaign" name="TimeZoneUpdate" time="0.0">
    <skipped/>
  </testcase> <!-- TimeZoneUpdate -->
  <testcase classname="Campaign.EditCampaign" name="CallMaskingUpdate" time="0.0">
    <skipped/>
  </testcase> <!-- CallMaskingUpdate -->
  <testcase classname="Campaign.EditCampaign" name="OnDemandRecording" time="0.0">
    <skipped/>
  </testcase> <!-- OnDemandRecording -->
  <testcase classname="Campaign.EditCampaign" name="DNC" time="0.0">
    <skipped/>
  </testcase> <!-- DNC -->
  <testcase classname="Campaign.CreatingPredictiveCampaign" name="Assert" time="0.0">
    <ignored/>
  </testcase> <!-- Assert -->
  <testcase classname="Campaign.CreatingVoiceBlastCampaign" name="Assert" time="0.0">
    <ignored/>
  </testcase> <!-- Assert -->
  <testcase classname="Login.AdminLogin" name="@BeforeTest Login" time="0.0">
    <ignored/>
  </testcase> <!-- @BeforeTest Login -->
  <testcase classname="Login.AdminLogin" name="@BeforeTest Login" time="0.0">
    <ignored/>
  </testcase> <!-- @BeforeTest Login -->
  <testcase classname="Login.AdminLogin" name="@BeforeTest Login" time="0.0">
    <ignored/>
  </testcase> <!-- @BeforeTest Login -->
  <testcase classname="Login.AdminLogin" name="@BeforeTest Login" time="0.0">
    <ignored/>
  </testcase> <!-- @BeforeTest Login -->
  <testcase classname="Login.AdminLogin" name="@BeforeTest Login" time="0.0">
    <ignored/>
  </testcase> <!-- @BeforeTest Login -->
  <testcase classname="Login.AdminLogin" name="@BeforeTest Login" time="0.0">
    <ignored/>
  </testcase> <!-- @BeforeTest Login -->
  <testcase classname="Campaign.CreatingPreviewCampaign" name="Assert" time="0.0">
    <ignored/>
  </testcase> <!-- Assert -->
  <testcase classname="Campaign.EditCampaign" name="UpdateBufferLevelDialRatio" time="0.0">
    <ignored/>
  </testcase> <!-- UpdateBufferLevelDialRatio -->
</testsuite> <!-- Test -->
