<?xml version="1.0" encoding="UTF-8"?>
<!-- Generated by org.testng.reporters.JUnitXMLReporter -->
<testsuite ignored="0" hostname="DESKTOP-AJNVIH5" failures="1" tests="1" name="Announcemet Creation" time="18.504" errors="0" timestamp="2024-01-29T13:25:07 IST">
  <testcase classname="Admin_Configuration_CreateFlow.Create_Announcement" name="Create_Announcement" time="5.111">
    <failure type="java.lang.AssertionError" message="Announcement is Not Created...! expected [true] but found [false]">
      <![CDATA[java.lang.AssertionError: Announcement is Not Created...! expected [true] but found [false]
at Admin_Configuration_CreateFlow.Create_Announcement.Create_Announcement(Create_Announcement.java:104)
at java.base/java.util.ArrayList.forEach(ArrayList.java:1511)
... Removed 30 stack frames]]>
    </failure>
  </testcase> <!-- Create_Announcement -->
</testsuite> <!-- Announcemet Creation -->
